<?xml version="1.0" encoding="UTF-8"?>
<!-- Generated by org.testng.reporters.JUnitReportReporter -->
<testsuite skipped="0" hostname="DESKTOP-8MBD3QD" name="com.crm.qa.testcases.HomePageTest" tests="2" failures="0" timestamp="16 Jan 2020 03:08:51 GMT" time="26.762" errors="0">
  <testcase name="verifyHomeTitleTest" time="12.741" classname="com.crm.qa.testcases.HomePageTest"/>
  <testcase name="verifyUserNameTest" time="14.021" classname="com.crm.qa.testcases.HomePageTest"/>
</testsuite> <!-- com.crm.qa.testcases.HomePageTest -->
