<?xml version="1.0" encoding="UTF-8"?>
<!-- Generated by org.testng.reporters.JUnitReportReporter -->
<testsuite skipped="1" hostname="DESKTOP-8MBD3QD" name="com.crm.qa.testcases.LoginPageTest" tests="2" failures="0" timestamp="16 Jan 2020 03:08:51 GMT" time="13.478" errors="0">
  <testcase name="loginTest" time="13.478" classname="com.crm.qa.testcases.LoginPageTest"/>
  <testcase name="loginPageTitleTest" classname="com.crm.qa.testcases.LoginPageTest">
    <skipped/>
  </testcase> <!-- loginPageTitleTest -->
</testsuite> <!-- com.crm.qa.testcases.LoginPageTest -->
